1
2
2298025
3732423
2298025
2298025
3064033
3542887
1723519
2298025
1723519
1126015
626331
3064033
3732423
3732423
3064033
2298025
3732423
3732423
3732423
3732423
1723519
1126015
1723519
3732423
77031
2298025
3732423
1723519
1723519
230631
2298025
3542887
626331
3064033
2298025
1723519
230631
2298025
1126015
2298025
837799
3732423
3732423
3542887
3732423
1723519
1564063
511935
1723519
1126015
3732423
3732423
230631
511935
3732423
1723519
837799
3064033
3732423
2298025
837799
1723519
1126015
1723519
626331
35655
3732423
3732423
1723519
1723519
3732423
3542887
230631
626331
2298025
837799
837799
1723519
3732423
3732423
3732423
2298025
2298025
1723519
106239
1564063
1564063
3064033
837799
837799
3732423
3732423
626331
3732423
3732423
3064033
2298025
