3064033
2298025
1723519
511935
1126015
106239
106239
3064033
3064033
3732423
1723519
1501353
2298025
230631
3064033
3732423
1723519
1723519
3064033
511935
230631
1126015
2298025
2298025
2298025
2298025
3732423
3732423
3732423
626331
230631
1723519
3732423
3732423
1564063
3732423
2298025
1723519
1723519
410011
3064033
1723519
3064033
1723519
3732423
3732423
230631
3732423
156159
3732423
230631
3732423
3732423
3732423
837799
1723519
1723519
2298025
230631
410011
2298025
837799
2298025
106239
3732423
3732423
2298025
410011
3064033
837799
3732423
837799
2298025
2298025
1501353
1126015
2298025
2298025
837799
1564063
2298025
1723519
1723519
2298025
1564063
1501353
3732423
3732423
3064033
3732423
1564063
626331
1126015
2298025
3732423
837799
2298025
2298025
626331
626331
2298025
3732423
1723519
3732423
3732423
3732423
1126015
2298025
2298025
3732423
2298025
3064033
2298025
230631
1723519
1126015
1501353
2298025
3732423
156159
3732423
837799
1723519
1126015
2298025
156159
3732423
837799
3732423
1723519
1126015
3732423
3732423
1723519
511935
837799
3064033
3732423
3732423
837799
1564063
3064033
3732423
3732423
3064033
3732423
3732423
3732423
3732423
626331
2298025
