3064033
3732423
3732423
410011
1723519
1126015
230631
3064033
1501353
2298025
1126015
2298025
142587
2298025
3732423
3732423
1564063
2298025
2298025
3064033
511935
3064033
837799
3732423
3064033
106239
3732423
626331
837799
1723519
142587
3732423
3542887
1723519
3732423
3732423
230631
2298025
626331
410011
3732423
1501353
3732423
3732423
3732423
511935
3064033
1723519
1126015
1723519
1501353
230631
1723519
3732423
3732423
1126015
1126015
626331
2298025
1126015
1126015
626331
1723519
2298025
2298025
1723519
1564063
3732423
3732423
1564063
3732423
2298025
3732423
3064033
3732423
2298025
2298025
1723519
2298025
3732423
3542887
2298025
2298025
230631
3732423
3732423
410011
3542887
3732423
3064033
1723519
1501353
1126015
3732423
3064033
1723519
3732423
871
