9
9
19
1
2
3732423
106239
230631
231
52527
3732423
2298025
3542887
3732423
837799
19
235
6171
34239
410011
34239
3732423
3732423
10971
23529
511935
2298025
410011
3064033
3732423
3732423
106239
17673
35655
230631
230631
35655
77031
13255
2298025
3732423
3
2298025
17673
106239
410011
230631
2323
410011
230631
6171
230631
3064033
230631
2919
26623
327
19
327
7
3
7
6171
54
626331
230631
230631
34239
35655
3732423
3064033
2919
23529
230631
52527
35655
35655
3711
6171
410011
410011
35655
327
511935
55
626331
