27
3732423
871
2298025
871
837799
703
837799
235
2298025
171
837799
97
837799
327
2298025
27
837799
871
837799
871
2298025
871
230631
327
1126015
327
3064033
703
837799
871
1126015
327
2298025
871
1564063
871
2298025
235
1723519
327
142587
27
1564063
327
52527
667
2298025
129
511935
871
2298025
7
3732423
129
2298025
703
837799
703
410011
55
1723519
703
3732423
667
3732423
129
3732423
9
230631
871
2298025
7
156159
871
3064033
231
1723519
703
2298025
327
1723519
871
1501353
327
1723519
3
3732423
871
1723519
73
511935
327
1126015
703
3732423
871
1126015
327
2298025
