2298025
3542887
511935
1126015
3064033
1564063
1126015
837799
837799
23529
2298025
3542887
3542887
1723519
626331
3542887
77031
3064033
511935
2298025
156159
3542887
1723519
511935
3732423
230631
1126015
2298025
626331
1723519
1564063
871
3732423
626331
1723519
3732423
1723519
230631
1126015
3732423
1126015
3732423
3732423
3732423
55
410011
1723519
77031
1723519
3732423
1126015
2298025
3732423
235
1126015
626331
3064033
2298025
410011
837799
626331
3064033
3732423
2298025
3732423
837799
9
1126015
3064033
3064033
2298025
1126015
511935
871
1126015
837799
3064033
410011
3732423
2298025
2298025
1723519
837799
3064033
3732423
2298025
3732423
6171
3064033
1126015
3
3064033
626331
327
511935
230631
3542887
626331
3732423
106239
