1126015
2298025
3542887
230631
3732423
511935
626331
3732423
511935
3732423
3732423
2298025
2298025
2298025
1723519
626331
3732423
156159
3732423
3732423
511935
1564063
1723519
3732423
837799
1723519
3732423
1126015
2298025
2298025
3732423
2298025
3542887
1723519
2298025
1126015
837799
1564063
3732423
511935
3732423
3064033
1723519
230631
1723519
1564063
3732423
3732423
2298025
1126015
1723519
1501353
3732423
106239
2298025
3064033
3542887
3732423
3064033
1126015
3542887
156159
410011
3732423
1723519
3732423
156159
1723519
2298025
410011
3732423
1723519
3732423
2298025
106239
837799
837799
142587
3064033
1723519
626331
837799
1126015
3064033
3732423
2298025
1723519
142587
2298025
26623
626331
230631
1723519
2298025
1564063
3064033
3732423
1564063
3732423
