3064033
837799
3732423
626331
626331
1564063
837799
1126015
2298025
1126015
2298025
837799
626331
2298025
2298025
2298025
1126015
1564063
3732423
511935
2298025
1723519
3732423
1126015
3732423
837799
3732423
1564063
2298025
837799
3542887
3064033
1564063
2298025
3732423
1723519
1723519
3542887
3732423
3064033
3064033
1723519
3732423
3064033
1723519
410011
3732423
142587
1723519
1126015
2298025
1723519
3732423
511935
3064033
3732423
3064033
3064033
3542887
2298025
3732423
2298025
230631
410011
511935
3732423
3732423
3732423
626331
2298025
410011
1723519
626331
3732423
837799
1564063
626331
511935
1723519
2298025
2298025
3732423
3732423
2298025
3064033
2298025
837799
1126015
626331
410011
1723519
3732423
2298025
1723519
2298025
1126015
77031
2298025
626331
2298025
