6171
9
156159
2
10971
3711
230631
52527
511935
1126015
52527
35655
230631
27
73
410011
3732423
3732423
2298025
626331
511935
1
2463
27
55
27
327
511935
52527
6171
667
19
9
97
97
97
3711
837799
3542887
2298025
1126015
1723519
10971
6171
327
3711
52527
626331
3732423
3064033
5649499
3732423
23529
52527
156159
6171
52527
23529
10971
26623
10971
77031
27
73
9
73
97
97
703
6171
52527
77031
2323
230631
3064033
2298025
2323
3711
17673
13255
34239
230631
34239
77031
52527
3711
52527
230631
3064033
34239
230631
3732423
3732423
410011
3732423
410011
3732423
327
2323
6171
