1723519
3732423
1723519
3064033
156159
1501353
1126015
2298025
1723519
2298025
3732423
410011
1564063
2298025
837799
3064033
3732423
3732423
3732423
2298025
1126015
3064033
3732423
3732423
1126015
156159
3732423
2298025
3064033
2298025
1126015
626331
3064033
1723519
106239
3542887
1723519
3732423
3732423
2298025
2298025
3064033
1126015
1126015
3064033
837799
3732423
1126015
3064033
3732423
1723519
3732423
626331
1126015
2298025
156159
3732423
837799
3732423
3732423
3732423
511935
1723519
2298025
3064033
1723519
511935
3732423
3064033
1126015
837799
230631
3732423
3732423
2298025
