3732423
1723519
3064033
626331
3732423
837799
2298025
2298025
3732423
3732423
3732423
3732423
1501353
511935
1723519
77031
3064033
156159
3064033
156159
626331
2298025
2298025
626331
1126015
52527
3064033
2298025
3732423
1723519
2298025
1723519
1723519
837799
3732423
511935
230631
3064033
1564063
1723519
3732423
3542887
626331
2298025
1126015
1723519
230631
3732423
837799
3064033
3732423
230631
3064033
1723519
3064033
2298025
1501353
3732423
2298025
626331
2298025
230631
3542887
3732423
626331
3732423
3732423
2298025
230631
410011
230631
1723519
1723519
2298025
1501353
1723519
511935
1723519
156159
1723519
3732423
3732423
837799
2298025
1126015
3064033
3064033
1723519
1501353
3732423
2298025
3732423
1723519
3732423
2298025
2298025
3732423
3732423
3064033
3064033
