1723519
2298025
3064033
511935
3064033
1723519
3542887
3064033
3732423
1723519
1723519
1501353
3542887
1723519
3732423
511935
1723519
3542887
3064033
1126015
626331
2298025
3732423
1564063
626331
3732423
1564063
3732423
2298025
156159
3732423
1723519
1723519
1126015
1126015
2298025
2298025
3732423
1126015
837799
1723519
3064033
1723519
1723519
2298025
2298025
3732423
3064033
230631
3732423
3732423
1723519
837799
77031
230631
3732423
2298025
3732423
3732423
3064033
3732423
3064033
3732423
1723519
2298025
1723519
3732423
13255
1723519
1126015
230631
2298025
3732423
3732423
837799
1723519
3732423
1723519
2298025
837799
1126015
3064033
1126015
837799
3064033
1723519
837799
230631
1723519
1501353
2298025
3064033
3732423
2298025
410011
1564063
230631
3732423
3732423
1126015
