230631
6171
230631
837799
230631
626331
230631
511935
511935
626331
837799
626331
106239
626331
837799
35655
142587
837799
230631
216367
77031
410011
410011
626331
35655
1126015
1126015
1126015
1126015
1723519
1501353
1723519
1564063
1723519
1723519
837799
1126015
1564063
1564063
1126015
1564063
1126015
837799
1126015
1564063
1564063
1126015
1723519
1126015
1564063
2298025
2298025
2298025
2298025
1723519
2298025
2298025
2298025
1723519
2298025
1723519
2298025
1723519
2298025
1723519
1723519
2298025
2298025
2298025
2298025
2298025
1723519
2298025
1723519
2298025
3064033
3732423
3064033
3064033
3064033
3064033
3732423
2298025
3542887
3064033
3064033
3542887
3064033
3542887
3542887
3064033
3732423
3064033
3064033
3064033
3064033
3732423
3732423
