1
9
9
19
55
235
667
1161
1161
1161
1161
2323
2323
2323
2463
2919
6171
6171
6171
6171
6171
6171
10971
10971
10971
10971
10971
10971
10971
13255
13255
13255
17673
17673
17673
17673
17673
17673
17673
17673
17673
17673
17673
17673
17673
17673
17673
17673
17673
17673
17673
17673
23529
23529
23529
23529
23529
26623
26623
26623
26623
26623
26623
26623
26623
26623
26623
26623
26623
26623
35497
156159
837799
837799
837799
837799
837799
1117065
1126015
1564063
2298025
2298025
2298025
2298025
2298025
3064033
3064033
3732423
3732423
3732423
3732423
3732423
3732423
3732423
3732423
3732423
3732423
3732423
