6171
17673
26623
35655
52527
52527
52527
77031
77031
106239
106239
106239
106239
142587
156159
156159
156159
156159
156159
156159
216367
230631
230631
230631
230631
230631
230631
230631
230631
230631
230631
230631
230631
230631
230631
230631
230631
230631
410011
410011
410011
410011
410011
410011
410011
410011
410011
511935
511935
511935
511935
511935
511935
511935
511935
511935
511935
511935
626331
626331
626331
626331
626331
626331
626331
626331
626331
626331
626331
626331
626331
626331
626331
626331
626331
626331
626331
626331
837799
837799
