1126015
410011
1723519
837799
1723519
2298025
230631
142587
156159
626331
3732423
3542887
3732423
3732423
1126015
3732423
1126015
3732423
3732423
3732423
511935
1501353
1723519
1723519
3732423
3732423
1126015
2298025
3732423
3732423
2298025
3542887
2298025
3542887
1126015
626331
1723519
3732423
1126015
837799
1723519
3732423
3542887
3542887
3064033
3064033
3732423
3732423
837799
156159
626331
3732423
3732423
2298025
837799
1126015
1564063
2298025
230631
156159
3732423
3064033
3064033
2298025
1126015
230631
3732423
1723519
3542887
3542887
3732423
3542887
3732423
1564063
1723519
