2298025
3542887
1126015
3732423
837799
2298025
2298025
3732423
410011
3732423
3732423
1723519
3732423
1126015
106239
1723519
2298025
3732423
3064033
2298025
2298025
410011
3732423
3732423
511935
216367
3732423
3732423
2298025
2298025
3064033
1126015
3732423
3732423
1723519
3732423
837799
2298025
3711
837799
3732423
3732423
3732423
3732423
837799
837799
1564063
3732423
1501353
1723519
2298025
3542887
3732423
837799
2298025
3732423
3732423
626331
837799
3732423
511935
3732423
1126015
3732423
1723519
2298025
2298025
77031
511935
26623
2298025
3732423
2298025
3732423
1723519
3542887
3064033
511935
3542887
410011
2298025
3732423
1723519
3732423
2298025
626331
2298025
3732423
1564063
3542887
410011
2298025
3064033
3542887
2298025
1564063
3732423
837799
511935
837799
3732423
3732423
2298025
1723519
3732423
626331
3064033
2298025
3732423
3732423
2298025
2298025
626331
3732423
1723519
3732423
3732423
2298025
3064033
3732423
2298025
1126015
3064033
1126015
626331
23529
3732423
3064033
3732423
3064033
1126015
1126015
13255
1723519
1126015
1126015
511935
3732423
3732423
3732423
3732423
2298025
3542887
1723519
2298025
1564063
1564063
2298025
3542887
1564063
3732423
2298025
3064033
3732423
1126015
3064033
2298025
1723519
626331
1126015
3732423
230631
1723519
626331
3732423
1126015
511935
156159
1126015
3064033
2298025
230631
3732423
1126015
1126015
1564063
3732423
1501353
3732423
3542887
410011
3542887
3732423
3064033
1723519
3064033
3064033
3542887
2298025
2298025
3732423
1723519
3732423
23529
3732423
1723519
626331
1126015
837799
1501353
