97
73
73
73
9
73
27
73
73
27
19
55
27
73
55
55
25
27
25
55
703
171
327
327
327
703
327
703
97
55
2919
3711
6171
3711
2919
2919
6171
1161
6171
3711
77031
52527
77031
77031
35655
13255
77031
52527
77031
77031
626331
511935
626331
626331
230631
626331
230631
626331
837799
837799
1126015
1564063
410011
1126015
1126015
626331
1126015
1723519
511935
626331
2298025
1564063
230631
626331
77031
837799
230631
1501353
1723519
230631
230631
1126015
410011
1117065
1723519
626331
1126015
3542887
2298025
230631
3732423
3732423
3732423
1501353
3732423
3732423
3732423
626331
3732423
3732423
