1723519
410011
3732423
2298025
3542887
2298025
410011
3064033
1723519
3732423
3064033
1564063
3732423
1126015
1126015
3732423
2298025
3064033
3064033
2298025
1723519
3064033
3732423
3732423
837799
3732423
3064033
2298025
1723519
837799
3732423
626331
2298025
1723519
626331
1723519
1723519
837799
1126015
3732423
3732423
3064033
1723519
3732423
3732423
3732423
2298025
2298025
1723519
3732423
3732423
3732423
3732423
3732423
3064033
3732423
3542887
1126015
3732423
3732423
3732423
3732423
3732423
410011
3732423
837799
3732423
1126015
1723519
2298025
2298025
1723519
626331
3732423
2298025
