9
9
1
2
3732423
511935
2298025
2298025
1723519
2298025
626331
230631
1126015
626331
837799
626331
1723519
3064033
3732423
230631
410011
2298025
3732423
3732423
3732423
2298025
3064033
3064033
26623
3732423
2298025
3064033
1126015
2298025
410011
1723519
1126015
2298025
2298025
1564063
3732423
410011
3064033
2298025
1723519
1723519
3732423
1723519
3064033
3732423
1723519
837799
1126015
1723519
3732423
1564063
156159
3732423
837799
2298025
3732423
2298025
1723519
2298025
511935
3542887
1126015
626331
2298025
837799
1126015
511935
3732423
1723519
3542887
