3064033
1723519
230631
837799
2298025
2298025
2298025
142587
2298025
2298025
2298025
1723519
1723519
2298025
3542887
511935
3542887
2298025
1723519
1501353
3542887
837799
511935
626331
2298025
626331
1564063
2298025
3542887
1564063
1126015
230631
52527
2298025
3542887
1723519
3064033
626331
3064033
2298025
1126015
626331
3064033
1723519
2298025
3064033
626331
35655
2298025
511935
1723519
2298025
2
1723519
3064033
626331
2298025
1723519
626331
837799
3064033
3064033
2298025
27
230631
1501353
1501353
1126015
3064033
837799
3542887
837799
626331
1126015
837799
