9
9
19
2223
1161
2463
871
703
703
703
1
10971
10971
6171
5649499
3732423
2298025
3732423
3732423
5649499
2298025
511935
3064033
2298025
5649499
23529
1126015
626331
1723519
230631
837799
5649499
3542887
2298025
2298025
3732423
626331
837799
35655
1723519
1723519
3732423
2298025
3732423
3064033
3732423
3732423
156159
2298025
1723519
410011
3064033
2298025
1126015
410011
3732423
837799
5649499
5649499
1126015
3732423
3064033
5649499
3732423
230631
2298025
1564063
3732423
3732423
3732423
3732423
3732423
3732423
3732423
3732423
3732423
5649499
2298025
2298025
410011
2298025
1723519
52527
1723519
2298025
3732423
3732423
3064033
5649499
3732423
3064033
5649499
1501353
1723519
511935
1723519
3732423
1126015
626331
5649499
