626331
511935
3732423
77031
3732423
230631
837799
3064033
3732423
3064033
2298025
1723519
2298025
3542887
1564063
3732423
3732423
3732423
3732423
3732423
230631
2298025
3064033
3732423
1126015
3064033
1723519
1723519
837799
1564063
1501353
837799
1723519
1126015
2298025
837799
1723519
1126015
3732423
3064033
3732423
626331
511935
230631
3732423
1723519
511935
3732423
1126015
77031
9
327
327
171
27
649
871
871
703
27
171
649
27
327
871
327
171
171
871
871
703
171
171
327
871
327
27
129
97
327
235
871
327
235
235
327
327
703
235
327
871
327
73
871
327
871
327
871
327
703
