9
9
18
19
27
55
97
235
327
6171
10971
26623
52527
52527
77031
77031
106239
106239
156159
230631
230631
410011
410011
626331
626331
837799
837799
1126015
1126015
1126015
1126015
1501353
1564063
1564063
1564063
1723519
1723519
1723519
1723519
1723519
1723519
1723519
1723519
1723519
2298025
2298025
2298025
2298025
2298025
2298025
2298025
2298025
2298025
2298025
2298025
3064033
3064033
3064033
3064033
3732423
3732423
3732423
3732423
3732423
3732423
3732423
3732423
3732423
3732423
3732423
3732423
3732423
3732423
3732423
3732423
11200681
