3732423
1723519
410011
1564063
1126015
3732423
1723519
1126015
626331
3732423
626331
626331
3732423
1564063
3542887
77031
2298025
1501353
3732423
626331
2298025
3732423
1723519
3064033
1126015
2298025
837799
3732423
2298025
3732423
1117065
2298025
3732423
511935
156159
3542887
3732423
3732423
1723519
626331
3732423
3732423
837799
3732423
2298025
2298025
1723519
837799
837799
2298025
837799
837799
2298025
3732423
3732423
2298025
3732423
3064033
1126015
1723519
1723519
1564063
3542887
837799
3064033
1723519
77031
3732423
626331
230631
2298025
1723519
1723519
1126015
2298025
156159
1723519
2298025
511935
3542887
1564063
3064033
2298025
3732423
3732423
3732423
