52527
3542887
1564063
1126015
2298025
2298025
1126015
2298025
2298025
1723519
156159
230631
1723519
2298025
410011
2298025
230631
410011
2298025
3732423
156159
837799
2298025
3732423
3064033
1723519
2298025
3542887
1723519
3732423
3732423
2298025
3732423
511935
3064033
3732423
1564063
77031
3732423
1723519
230631
3732423
3732423
837799
2298025
1723519
1723519
3732423
511935
1126015
1723519
3732423
3064033
1723519
2298025
3064033
3732423
1723519
626331
2298025
837799
3732423
837799
1723519
1723519
2298025
2298025
3732423
77031
1126015
3064033
3064033
1723519
3732423
837799
3732423
1126015
837799
1126015
1126015
3732423
511935
2298025
1564063
3064033
837799
1723519
3732423
3732423
1723519
1126015
106239
3732423
230631
3542887
3732423
3732423
837799
1723519
