837799
3732423
3542887
3064033
3732423
3732423
3732423
511935
1723519
3732423
1723519
3732423
3064033
1723519
3732423
1723519
1723519
1126015
2298025
3542887
837799
230631
3064033
6171
626331
3732423
3732423
1126015
626331
2298025
2298025
3064033
837799
1723519
1723519
3542887
1126015
3732423
2298025
3732423
1564063
3732423
511935
3542887
2298025
1126015
2298025
2298025
1723519
3064033
1723519
837799
3732423
2298025
626331
1723519
1723519
3732423
3542887
3064033
1126015
1126015
3732423
3732423
1723519
2298025
410011
142587
1723519
1564063
1723519
2298025
1723519
3064033
1126015
3064033
3542887
3064033
1723519
2298025
2298025
