3732423
3542887
230631
626331
2298025
837799
837799
1723519
3732423
3732423
3732423
2298025
2298025
1723519
106239
1564063
1564063
3064033
837799
837799
3732423
3732423
626331
3732423
3732423
3064033
2298025
2298025
3732423
2298025
2298025
3064033
3542887
1723519
2298025
1723519
1126015
626331
3064033
3732423
3732423
3064033
2298025
3732423
3732423
3732423
3732423
1723519
1126015
1723519
3732423
35655
1126015
837799
3732423
3064033
2298025
3732423
410011
1723519
3542887
837799
626331
511935
2298025
3732423
216367
3732423
3732423
2298025
1126015
3064033
3064033
2298025
511935
3732423
1723519
1126015
3732423
3732423
230631
511935
3732423
1723519
837799
3064033
3732423
2298025
837799
1723519
1126015
1723519
626331
35655
3732423
3732423
1723519
1723519
1723519
2298025
3732423
1723519
156159
1723519
2298025
1723519
3732423
837799
3732423
3732423
1723519
2298025
3732423
1564063
837799
1564063
3732423
626331
156159
3064033
1126015
837799
3064033
2298025
626331
837799
1564063
837799
3732423
3064033
2298025
3732423
3732423
2298025
2298025
3732423
3732423
230631
3542887
1126015
1501353
2298025
1723519
2298025
52527
1723519
2298025
1723519
2298025
3732423
1723519
511935
2298025
2298025
3732423
3542887
2298025
2298025
1723519
1126015
1126015
3732423
3732423
2298025
837799
3064033
3732423
1126015
3542887
3732423
511935
216367
3732423
511935
2298025
1723519
1564063
3732423
1723519
156159
1126015
3732423
2298025
3732423
2298025
3732423
26623
1126015
3542887
230631
3732423
3732423
3732423
3064033
3064033
410011
837799
3732423
3542887
3064033
837799
3732423
3732423
1126015
3064033
2298025
3732423
3732423
2298025
1723519
1723519
3732423
156159
3732423
1723519
1723519
2298025
2298025
626331
1723519
837799
230631
3542887
3732423
3732423
3732423
1564063
1126015
3732423
3064033
1723519
2298025
2298025
1723519
2298025
3732423
1723519
626331
3732423
3732423
1564063
3732423
3732423
2298025
3732423
156159
1126015
3732423
2298025
1501353
1117065
3732423
1126015
3064033
837799
2298025
3064033
837799
2298025
3732423
1723519
1723519
3064033
511935
3732423
3064033
3064033
3732423
1126015
1564063
3064033
3064033
1126015
1723519
3064033
3732423
511935
2298025
410011
3732423
3064033
3064033
1723519
410011
3732423
1723519
3732423
3732423
2298025
3732423
2298025
3732423
2298025
3064033
3732423
3732423
1723519
1564063
837799
2298025
3732423
1126015
3732423
3732423
3732423
3732423
1723519
3732423
230631
3732423
3732423
3732423
3064033
2298025
3732423
1126015
3064033
3732423
3732423
1126015
2298025
626331
1723519
1723519
2298025
511935
3542887
626331
1126015
626331
2298025
410011
1564063
3732423
2298025
3064033
3732423
1126015
1126015
1126015
3064033
3542887
3732423
2298025
2298025
3732423
3732423
3732423
1723519
106239
1723519
1126015
106239
3064033
837799
3732423
1126015
1501353
837799
1126015
2298025
2298025
3064033
2298025
230631
1564063
3732423
3732423
3732423
142587
3732423
3064033
3732423
3542887
3732423
511935
2298025
3732423
230631
1126015
1501353
3064033
1723519
77031
3732423
3732423
2298025
1723519
1723519
837799
3064033
837799
3732423
1501353
2298025
17673
1126015
3064033
1564063
3064033
3732423
3064033
410011
156159
410011
626331
1723519
1126015
3732423
1723519
2298025
3732423
626331
3732423
1126015
2298025
230631
1564063
230631
3732423
2298025
3732423
1564063
2298025
1126015
3732423
3732423
230631
3542887
3732423
511935
837799
3732423
3064033
626331
1723519
2298025
410011
3732423
626331
52527
626331
1501353
1126015
2298025
626331
156159
1723519
3542887
1723519
1564063
2298025
1723519
3732423
3732423
511935
837799
3732423
3542887
3732423
3732423
1126015
3732423
511935
3064033
3732423
1723519
1723519
3732423
3732423
511935
2298025
2298025
626331
3732423
77031
3064033
3732423
2298025
2298025
230631
106239
3732423
3732423
837799
230631
3542887
3542887
2298025
3064033
511935
1126015
3732423
3542887
3064033
3542887
837799
3064033
3732423
410011
230631
2298025
3732423
1126015
3064033
3732423
3542887
3732423
410011
410011
3064033
3064033
3732423
3732423
626331
3732423
106239
3732423
837799
2298025
3732423
837799
3064033
13255
3732423
3732423
3732423
3732423
3064033
1564063
1723519
230631
1723519
3542887
1723519
3732423
3542887
1126015
1564063
156159
3732423
2298025
1723519
410011
2298025
156159
1723519
2298025
1126015
3732423
3064033
3064033
3732423
1723519
837799
1723519
3732423
837799
156159
3732423
2298025
2298025
1723519
3732423
3064033
1723519
2298025
106239
2298025
3732423
3732423
837799
3732423
230631
1126015
837799
1723519
3732423
2298025
3732423
1723519
2298025
3732423
837799
2298025
3732423
1723519
3064033
3732423
106239
3064033
156159
3732423
837799
3064033
1126015
2298025
837799
2298025
3732423
3732423
3064033
2298025
3732423
3732423
1126015
3732423
511935
1126015
3732423
3064033
230631
2298025
52527
2298025
35655
3064033
3732423
626331
1723519
2298025
2298025
3732423
3732423
3064033
3732423
3064033
3732423
230631
837799
2298025
3064033
3064033
3732423
410011
3732423
1723519
626331
3064033
1723519
1723519
1126015
52527
6171
2298025
156159
1126015
2298025
2298025
1723519
837799
2298025
1564063
1126015
3732423
1723519
3732423
3732423
2298025
3732423
3064033
2298025
1723519
837799
3732423
3732423
626331
1564063
2298025
2298025
3064033
3732423
3732423
1564063
3542887
626331
1723519
3732423
3732423
1564063
3732423
1723519
1126015
3732423
3064033
1723519
3732423
511935
3064033
837799
3542887
1564063
3542887
410011
2298025
1723519
2298025
1723519
3732423
410011
3732423
3732423
230631
2298025
837799
3732423
3732423
1723519
626331
3732423
3732423
1723519
1564063
1126015
230631
1723519
3732423
837799
3732423
1723519
2298025
3732423
156159
1126015
626331
2298025
3732423
2298025
837799
1723519
2298025
3732423
410011
2298025
2298025
3732423
1723519
2298025
1501353
2298025
3732423
3064033
3732423
3542887
3064033
3732423
837799
3732423
3542887
2298025
142587
626331
3732423
2298025
1723519
1723519
3542887
3064033
3064033
2298025
3064033
3732423
3064033
3732423
216367
2298025
2298025
3732423
3732423
1501353
3732423
1126015
230631
511935
13255
2298025
230631
1126015
1126015
2298025
3732423
837799
1723519
837799
1723519
35655
1126015
3732423
1723519
3542887
3542887
3732423
26623
3732423
837799
3732423
3732423
1564063
1723519
3064033
3732423
216367
3732423
410011
3732423
1723519
1723519
3542887
2298025
3732423
1564063
1723519
3732423
3732423
1723519
3732423
410011
3064033
2298025
3064033
3732423
837799
3064033
3732423
230631
2298025
626331
2298025
511935
2298025
626331
1564063
3732423
3732423
1723519
3732423
230631
410011
3064033
2298025
2298025
3064033
3732423
77031
2298025
3732423
2298025
410011
2298025
3064033
3732423
2298025
3064033
3732423
3732423
1126015
2298025
2298025
3732423
626331
3064033
3732423
626331
3732423
1723519
1723519
3064033
230631
2298025
837799
156159
3064033
1723519
2298025
837799
1723519
2298025
3064033
2298025
1126015
3732423
2298025
837799
3732423
3732423
3732423
2298025
1126015
3542887
1126015
3064033
2298025
2298025
3732423
2298025
2298025
3542887
1723519
230631
1723519
1564063
626331
230631
3064033
2298025
3732423
1723519
3542887
1723519
3064033
3732423
511935
3732423
1723519
1723519
2298025
410011
2298025
2298025
3732423
106239
837799
2298025
3732423
3732423
3732423
511935
410011
1723519
230631
2298025
3732423
3542887
3732423
3064033
3732423
3732423
1117065
1723519
626331
626331
3732423
3732423
106239
1126015
626331
1564063
3064033
626331
2298025
2298025
837799
3542887
410011
3732423
1723519
3542887
626331
1126015
3064033
3542887
2298025
2298025
3732423
1723519
3542887
626331
1126015
3064033
626331
1723519
837799
3064033
3732423
3732423
2298025
3064033
626331
2298025
1126015
3732423
2298025
3064033
2298025
1126015
1723519
626331
3732423
1723519
3732423
1126015
3732423
2298025
626331
2298025
837799
3064033
626331
1723519
410011
