3732423
1126015
3732423
626331
1723519
3732423
3732423
52527
1126015
1
1126015
3732423
3732423
1723519
3732423
1723519
1564063
77031
3064033
3064033
2298025
837799
626331
1126015
3732423
1126015
1564063
3732423
3064033
3732423
3064033
2298025
3064033
3732423
1126015
1564063
3732423
2298025
3732423
3732423
1501353
3732423
3064033
1723519
2298025
17673
1723519
230631
3064033
3732423
837799
3542887
837799
3064033
2298025
2298025
626331
2298025
3732423
230631
17673
3732423
837799
1723519
1564063
1564063
3542887
837799
2298025
3732423
626331
230631
1723519
2298025
410011
1723519
1501353
626331
1126015
3732423
1564063
3732423
410011
3732423
1723519
2298025
3064033
3732423
1723519
1723519
1723519
230631
3064033
230631
106239
3732423
3542887
1126015
