2298025
1723519
2298025
1564063
2298025
3064033
3732423
1723519
1723519
1126015
1126015
1126015
3064033
3732423
3732423
626331
1723519
2298025
3732423
230631
626331
156159
837799
3732423
3732423
3732423
626331
1723519
1126015
1564063
2298025
3732423
3732423
626331
2298025
1723519
1501353
3732423
1723519
230631
2298025
3732423
156159
52527
1564063
626331
2298025
3732423
1723519
1126015
3732423
626331
1126015
1723519
2298025
2298025
35655
3732423
511935
626331
3064033
230631
2298025
2298025
3064033
1564063
3732423
837799
2298025
1723519
1126015
3732423
1126015
626331
3732423
230631
3064033
156159
3732423
3732423
410011
3732423
3542887
1723519
3732423
3732423
837799
1723519
3064033
2298025
230631
1723519
3732423
837799
3732423
410011
626331
3732423
2298025
1723519
